DEBUG:MAIN-SPIDER:http://www.qau.edu.cn/
DEBUG:MAIN-SPIDER:sel is <Selector xpath=None data=u'<html xmlns="http://www.w3.org/1999/xhtm'>
DEBUG:MAIN-SPIDER:sites is [<Selector xpath='//dd/li' data=u'<li><span style="float:right;">2014-03-2'>, <Selector xpath='//dd/li' data=u'<li><span style="float:right;">2014-03-2'>, <Selector xpath='//dd/li' data=u'<li><span style="float:right;">2014-03-2'>, <Selector xpath='//dd/li' data=u'<li><span style="float:right;">2014-03-2'>, <Selector xpath='//dd/li' data=u'<li><span style="float:right;">2014-03-2'>, <Selector xpath='//dd/li' data=u'<li><span style="float:right;">2014-03-2'>, <Selector xpath='//dd/li' data=u'<li><span style="float:right;">2014-03-2'>, <Selector xpath='//dd/li' data=u'<li><span style="float:right;">2014-03-2'>, <Selector xpath='//dd/li' data=u'<li><span style="float:right;">2014-03-2'>, <Selector xpath='//dd/li' data=u'<li><span style="float:right;color:red;"'>, <Selector xpath='//dd/li' data=u'<li><span style="float:right;color:red;"'>, <Selector xpath='//dd/li' data=u'<li><span style="float:right;">2014-03-1'>, <Selector xpath='//dd/li' data=u'<li><span style="float:right;">2014-03-0'>, <Selector xpath='//dd/li' data=u'<li><span style="float:right;">2014-01-2'>, <Selector xpath='//dd/li' data=u'<li><span style="float:right;">2014-01-1'>, <Selector xpath='//dd/li' data=u'<li><span style="float:right;">2014-01-0'>, <Selector xpath='//dd/li' data=u'<li><span style="float:right;">2014-01-0'>, <Selector xpath='//dd/li' data=u'<li><span style="float:right;">2014-01-0'>, <Selector xpath='//dd/li' data=u'<li><span style="float:right;">2014-03-2'>, <Selector xpath='//dd/li' data=u'<li><span style="float:right;">2014-03-2'>, <Selector xpath='//dd/li' data=u'<li><span style="float:right;">2014-03-2'>, <Selector xpath='//dd/li' data=u'<li><span style="float:right;">2014-03-1'>, <Selector xpath='//dd/li' data=u'<li><span style="float:right;">2014-03-1'>, <Selector xpath='//dd/li' data=u'<li><span style="float:right;">2014-03-0'>, <Selector xpath='//dd/li' data=u'<li><span style="float:right;">2014-03-0'>, <Selector xpath='//dd/li' data=u'<li><span style="float:right;">2014-03-0'>, <Selector xpath='//dd/li' data=u'<li><span style="float:right;">2014-03-0'>]
DEBUG:MAIN-SPIDER:title is [u'\u4e2d\u56fd\u519c\u79d1\u9662\u70df\u8349\u6240\u6240\u957f\u738b\u5143\u82f1\u4e00\u884c\u6765\u8bbf '], link is [u'infoDetail.jsp?infoID=15212']
DEBUG:MAIN-SPIDER:title is [u'\u5317\u4eac\u6797\u4e1a\u5927\u5b66\u526f\u6821\u957f\u5f20\u542f\u7fd4\u4e00\u884c\u8bbf\u95ee\u9752\u5c9b\u519c\u5927 '], link is [u'infoDetail.jsp?infoID=15211']
DEBUG:MAIN-SPIDER:title is [u'\u9752\u5c9b\u519c\u5927\u53ec\u5f00\u6559\u804c\u5de5\u533b\u7597\u5de5\u4f24\u751f\u80b2\u4fdd\u9669\u5de5\u4f5c\u4f1a\u8bae '], link is [u'infoDetail.jsp?infoID=15210']
DEBUG:MAIN-SPIDER:title is [u'\u9752\u5c9b\u519c\u5927\u627f\u62c5\u516c\u76ca\u6027\u884c\u4e1a\u79d1\u7814\u4e13\u9879\u901a\u8fc7\u4f1a\u8bae\u9a8c\u6536  '], link is [u'infoDetail.jsp?infoID=15202']
DEBUG:MAIN-SPIDER:title is [u'\u6559\u52a1\u5904\u7ec4\u7ec7\u53ec\u5f00\u5b66\u79d1\u57fa\u7840\u8bfe\u7a0b\u8ba8\u8bba\u534f\u8c03\u4f1a  '], link is [u'infoDetail.jsp?infoID=15201']
DEBUG:MAIN-SPIDER:title is [u'\u539f\u6c38\u5175\u5bf9\u5b66\u6821\u5b66\u5386\u7ee7\u7eed\u6559\u80b2\u62db\u751f\u5de5\u4f5c\u63d0\u51fa\u8981\u6c42  '], link is [u'infoDetail.jsp?infoID=15200']
DEBUG:MAIN-SPIDER:title is [u'\u7ecf\u6d4e\u4e0e\u7ba1\u7406\u5b66\u9662\u53ec\u5f00\u672c\u79d1\u4eba\u624d\u57f9\u517b\u65b9\u6848\u8bba\u8bc1\u4f1a  '], link is [u'infoDetail.jsp?infoID=15199']
DEBUG:MAIN-SPIDER:title is [u'\u9752\u5c9b\u519c\u5927\u5341\u540d\u6559\u6388\u5165\u9009\u7701\u519c\u4ea7\u54c1\u5b89\u5168\u98ce\u9669\u8bc4\u4f30\u4e13\u5bb6  '], link is [u'infoDetail.jsp?infoID=15180']
DEBUG:MAIN-SPIDER:title is [u'\u9752\u5c9b\u519c\u5927\u8fdc\u5fb7\u9f99\u540c\u5b66\u83b7\u5f97\u9752\u5e74\u521b\u4e1a\u5927\u8d5b3\u4e07\u5143\u5956\u91d1  '], link is [u'infoDetail.jsp?infoID=15179']
DEBUG:MAIN-SPIDER:title is [u'\u9752\u5c9b\u519c\u4e1a\u5927\u5b66\u2014\u2014\u5c71\u4e1c\u77012014\u5e74\u6625\u5b63\u9ad8\u6821\u6bd5\u4e1a\u751f\u5c31\u4e1a\u5e02\u573a\u9080\u8bf7\u51fd'], link is [u'infoDetail.jsp?infoID=14943']
DEBUG:MAIN-SPIDER:title is [u'\u9752\u5c9b\u519c\u4e1a\u5927\u5b66\u6d77\u90fd\u5b66\u96622014\u5e74\u516c\u5f00\u62db\u8058\u4fe1\u606f'], link is [u'infoDetail.jsp?infoID=13573']
DEBUG:MAIN-SPIDER:title is [u'\u9752\u5c9b\u519c\u4e1a\u5927\u5b66\u5b9e\u9a8c\u5ba4\u8bbe\u5907\u91c7\u8d2d\u516c\u5f00\u62db\u6807\u516c\u544a  '], link is [u'infoDetail.jsp?infoID=15115']
DEBUG:MAIN-SPIDER:title is [u'\u5b66\u4e60\u515a\u7684\u5341\u516b\u5c4a\u4e09\u4e2d\u5168\u4f1a\u7cbe\u795e\u7f51\u4e0a\u77e5\u8bc6\u95ef\u5173\u8d5b\u6d3b\u52a8\u5f00\u59cb'], link is [u'infoDetail.jsp?infoID=14961']
DEBUG:MAIN-SPIDER:title is [u'\u81f42013\u5c4a\u672c\u79d1\u6bd5\u4e1a\u751f\u7684\u4e00\u5c01\u4fe1'], link is [u'infoDetail.jsp?infoID=14810']
DEBUG:MAIN-SPIDER:title is [u'\u6559\u80b2\u7c7b\u5b66\u672f\u671f\u520a\u300a\u5c71\u4e1c\u9ad8\u7b49\u6559\u80b2\u300b\u516c\u5f00\u51fa\u7248\u53d1\u884c'], link is [u'infoDetail.jsp?infoID=14777']
DEBUG:MAIN-SPIDER:title is [u'\u9752\u5c9b\u519c\u5927\u7ee7\u7eed\u6559\u80b2\u5b66\u9662\u6559\u6750\u5370\u5237\u54c1\u9879\u76ee\u62db\u6807\u516c\u544a'], link is [u'infoDetail.jsp?infoID=14771']
DEBUG:MAIN-SPIDER:title is [u'\u9752\u5c9b\u519c\u5927\u6559\u5de5\u9910\u5385\u8f7d\u8d27\u7535\u68af\u6539\u9020\u9879\u76ee\u62db\u6807\u516c\u544a'], link is [u'infoDetail.jsp?infoID=14770']
DEBUG:MAIN-SPIDER:title is [u'\u9752\u5c9b\u519c\u4e1a\u5927\u5b66\u6dd8\u6c70\u8f66\u8f86\u53ca\u8bbe\u5907\u62cd\u5356\u516c\u544a'], link is [u'infoDetail.jsp?infoID=14765']
DEBUG:MAIN-SPIDER:title is [u'\u9752\u5c9b\u519c\u5927\u4e3e\u529e2014\u4e2d\u56fd\u6bdb\u76ae\u52a8\u7269\u4ea7\u4e1a\u53d1\u5c55\u5927\u4f1a  '], link is [u'infoDetail.jsp?infoID=15181']
DEBUG:MAIN-SPIDER:title is [u'\u6cd5\u56fd\u4e13\u5bb6\u4e3a\u52a8\u79d1\u5e08\u751f\u4f5c\u9a6c\u7e41\u6b96\u6280\u672f\u7814\u7a76\u8fdb\u5c55\u62a5\u544a  '], link is [u'infoDetail.jsp?infoID=15177']
DEBUG:MAIN-SPIDER:title is [u'\u751f\u547d\u79d1\u5b66\u5b66\u9662\u4e3e\u884c\u5b9e\u9a8c\u6280\u672f\u8bb2\u5ea7  '], link is [u'infoDetail.jsp?infoID=15185']
DEBUG:MAIN-SPIDER:title is [u'3\u670812\u65e5\uff1a\u52a8\u7269\u79d1\u6280\u5b66\u9662\u5b66\u672f\u9884\u544a  '], link is [u'infoDetail.jsp?infoID=15043']
DEBUG:MAIN-SPIDER:title is [u'\u4e2d\u56fd\u5de5\u7a0b\u9662\u9662\u58eb\u674e\u5b81\u6559\u6388\u4e3a\u9752\u5c9b\u519c\u5927\u5e08\u751f\u4f5c\u62a5\u544a  '], link is [u'infoDetail.jsp?infoID=15033']
DEBUG:MAIN-SPIDER:title is [u'3\u670811\u65e5\uff1a\u4e2d\u56fd\u5de5\u7a0b\u9662\u9662\u58eb\u674e\u5b81\u6559\u6388\u5b66\u672f\u62a5\u544a  '], link is [u'infoDetail.jsp?infoID=14992']
DEBUG:MAIN-SPIDER:title is [u'\u957f\u6c5f\u5b66\u8005\u5de9\u5fd7\u5fe0\u6559\u6388\u4e3a\u9752\u5c9b\u519c\u5927\u5e08\u751f\u4f5c\u62a5\u544a'], link is [u'infoDetail.jsp?infoID=14967']
DEBUG:MAIN-SPIDER:title is [u'\u4e2d\u56fd\u5de5\u7a0b\u9662\u9662\u58eb\u5370\u9047\u9f99\u6559\u6388\u4e3a\u9752\u5c9b\u519c\u5927\u5e08\u751f\u4f5c\u62a5\u544a'], link is [u'infoDetail.jsp?infoID=14953']
DEBUG:MAIN-SPIDER:title is [u'3\u67085\u65e5\uff1a\u52a8\u7269\u79d1\u6280\u5b66\u9662\u5b66\u672f\u9884\u544a'], link is [u'infoDetail.jsp?infoID=14954']
DEBUG:MAIN-SPIDER:title is [u'\u4e2d\u56fd\u519c\u79d1\u9662\u70df\u8349\u6240\u6240\u957f\u738b\u5143\u82f1\u4e00\u884c\u6765\u8bbf '], link is [u'infoDetail.jsp?infoID=15212']
DEBUG:MAIN-SPIDER:title is [u'\u5317\u4eac\u6797\u4e1a\u5927\u5b66\u526f\u6821\u957f\u5f20\u542f\u7fd4\u4e00\u884c\u8bbf\u95ee\u9752\u5c9b\u519c\u5927 '], link is [u'infoDetail.jsp?infoID=15211']
DEBUG:MAIN-SPIDER:title is [u'\u9752\u5c9b\u519c\u5927\u53ec\u5f00\u6559\u804c\u5de5\u533b\u7597\u5de5\u4f24\u751f\u80b2\u4fdd\u9669\u5de5\u4f5c\u4f1a\u8bae '], link is [u'infoDetail.jsp?infoID=15210']
DEBUG:MAIN-SPIDER:title is [u'\u9752\u5c9b\u519c\u5927\u627f\u62c5\u516c\u76ca\u6027\u884c\u4e1a\u79d1\u7814\u4e13\u9879\u901a\u8fc7\u4f1a\u8bae\u9a8c\u6536  '], link is [u'infoDetail.jsp?infoID=15202']
DEBUG:MAIN-SPIDER:title is [u'\u6559\u52a1\u5904\u7ec4\u7ec7\u53ec\u5f00\u5b66\u79d1\u57fa\u7840\u8bfe\u7a0b\u8ba8\u8bba\u534f\u8c03\u4f1a  '], link is [u'infoDetail.jsp?infoID=15201']
DEBUG:MAIN-SPIDER:title is [u'\u539f\u6c38\u5175\u5bf9\u5b66\u6821\u5b66\u5386\u7ee7\u7eed\u6559\u80b2\u62db\u751f\u5de5\u4f5c\u63d0\u51fa\u8981\u6c42  '], link is [u'infoDetail.jsp?infoID=15200']
DEBUG:MAIN-SPIDER:title is [u'\u7ecf\u6d4e\u4e0e\u7ba1\u7406\u5b66\u9662\u53ec\u5f00\u672c\u79d1\u4eba\u624d\u57f9\u517b\u65b9\u6848\u8bba\u8bc1\u4f1a  '], link is [u'infoDetail.jsp?infoID=15199']
DEBUG:MAIN-SPIDER:title is [u'\u9752\u5c9b\u519c\u5927\u5341\u540d\u6559\u6388\u5165\u9009\u7701\u519c\u4ea7\u54c1\u5b89\u5168\u98ce\u9669\u8bc4\u4f30\u4e13\u5bb6  '], link is [u'infoDetail.jsp?infoID=15180']
DEBUG:MAIN-SPIDER:title is [u'\u9752\u5c9b\u519c\u5927\u8fdc\u5fb7\u9f99\u540c\u5b66\u83b7\u5f97\u9752\u5e74\u521b\u4e1a\u5927\u8d5b3\u4e07\u5143\u5956\u91d1  '], link is [u'infoDetail.jsp?infoID=15179']
DEBUG:MAIN-SPIDER:title is [u'\u9752\u5c9b\u519c\u4e1a\u5927\u5b66\u2014\u2014\u5c71\u4e1c\u77012014\u5e74\u6625\u5b63\u9ad8\u6821\u6bd5\u4e1a\u751f\u5c31\u4e1a\u5e02\u573a\u9080\u8bf7\u51fd'], link is [u'infoDetail.jsp?infoID=14943']
DEBUG:MAIN-SPIDER:title is [u'\u9752\u5c9b\u519c\u4e1a\u5927\u5b66\u6d77\u90fd\u5b66\u96622014\u5e74\u516c\u5f00\u62db\u8058\u4fe1\u606f'], link is [u'infoDetail.jsp?infoID=13573']
DEBUG:MAIN-SPIDER:title is [u'\u9752\u5c9b\u519c\u4e1a\u5927\u5b66\u5b9e\u9a8c\u5ba4\u8bbe\u5907\u91c7\u8d2d\u516c\u5f00\u62db\u6807\u516c\u544a  '], link is [u'infoDetail.jsp?infoID=15115']
DEBUG:MAIN-SPIDER:title is [u'\u5b66\u4e60\u515a\u7684\u5341\u516b\u5c4a\u4e09\u4e2d\u5168\u4f1a\u7cbe\u795e\u7f51\u4e0a\u77e5\u8bc6\u95ef\u5173\u8d5b\u6d3b\u52a8\u5f00\u59cb'], link is [u'infoDetail.jsp?infoID=14961']
DEBUG:MAIN-SPIDER:title is [u'\u81f42013\u5c4a\u672c\u79d1\u6bd5\u4e1a\u751f\u7684\u4e00\u5c01\u4fe1'], link is [u'infoDetail.jsp?infoID=14810']
DEBUG:MAIN-SPIDER:title is [u'\u6559\u80b2\u7c7b\u5b66\u672f\u671f\u520a\u300a\u5c71\u4e1c\u9ad8\u7b49\u6559\u80b2\u300b\u516c\u5f00\u51fa\u7248\u53d1\u884c'], link is [u'infoDetail.jsp?infoID=14777']
DEBUG:MAIN-SPIDER:title is [u'\u9752\u5c9b\u519c\u5927\u7ee7\u7eed\u6559\u80b2\u5b66\u9662\u6559\u6750\u5370\u5237\u54c1\u9879\u76ee\u62db\u6807\u516c\u544a'], link is [u'infoDetail.jsp?infoID=14771']
DEBUG:MAIN-SPIDER:title is [u'\u9752\u5c9b\u519c\u5927\u6559\u5de5\u9910\u5385\u8f7d\u8d27\u7535\u68af\u6539\u9020\u9879\u76ee\u62db\u6807\u516c\u544a'], link is [u'infoDetail.jsp?infoID=14770']
DEBUG:MAIN-SPIDER:title is [u'\u9752\u5c9b\u519c\u4e1a\u5927\u5b66\u6dd8\u6c70\u8f66\u8f86\u53ca\u8bbe\u5907\u62cd\u5356\u516c\u544a'], link is [u'infoDetail.jsp?infoID=14765']
DEBUG:MAIN-SPIDER:title is [u'\u9752\u5c9b\u519c\u5927\u4e3e\u529e2014\u4e2d\u56fd\u6bdb\u76ae\u52a8\u7269\u4ea7\u4e1a\u53d1\u5c55\u5927\u4f1a  '], link is [u'infoDetail.jsp?infoID=15181']
DEBUG:MAIN-SPIDER:title is [u'\u6cd5\u56fd\u4e13\u5bb6\u4e3a\u52a8\u79d1\u5e08\u751f\u4f5c\u9a6c\u7e41\u6b96\u6280\u672f\u7814\u7a76\u8fdb\u5c55\u62a5\u544a  '], link is [u'infoDetail.jsp?infoID=15177']
DEBUG:MAIN-SPIDER:title is [u'\u751f\u547d\u79d1\u5b66\u5b66\u9662\u4e3e\u884c\u5b9e\u9a8c\u6280\u672f\u8bb2\u5ea7  '], link is [u'infoDetail.jsp?infoID=15185']
DEBUG:MAIN-SPIDER:title is [u'3\u670812\u65e5\uff1a\u52a8\u7269\u79d1\u6280\u5b66\u9662\u5b66\u672f\u9884\u544a  '], link is [u'infoDetail.jsp?infoID=15043']
DEBUG:MAIN-SPIDER:title is [u'\u4e2d\u56fd\u5de5\u7a0b\u9662\u9662\u58eb\u674e\u5b81\u6559\u6388\u4e3a\u9752\u5c9b\u519c\u5927\u5e08\u751f\u4f5c\u62a5\u544a  '], link is [u'infoDetail.jsp?infoID=15033']
DEBUG:MAIN-SPIDER:title is [u'3\u670811\u65e5\uff1a\u4e2d\u56fd\u5de5\u7a0b\u9662\u9662\u58eb\u674e\u5b81\u6559\u6388\u5b66\u672f\u62a5\u544a  '], link is [u'infoDetail.jsp?infoID=14992']
DEBUG:MAIN-SPIDER:title is [u'\u957f\u6c5f\u5b66\u8005\u5de9\u5fd7\u5fe0\u6559\u6388\u4e3a\u9752\u5c9b\u519c\u5927\u5e08\u751f\u4f5c\u62a5\u544a'], link is [u'infoDetail.jsp?infoID=14967']
DEBUG:MAIN-SPIDER:title is [u'\u4e2d\u56fd\u5de5\u7a0b\u9662\u9662\u58eb\u5370\u9047\u9f99\u6559\u6388\u4e3a\u9752\u5c9b\u519c\u5927\u5e08\u751f\u4f5c\u62a5\u544a'], link is [u'infoDetail.jsp?infoID=14953']
DEBUG:MAIN-SPIDER:title is [u'3\u67085\u65e5\uff1a\u52a8\u7269\u79d1\u6280\u5b66\u9662\u5b66\u672f\u9884\u544a'], link is [u'infoDetail.jsp?infoID=14954']
DEBUG:MAIN-SPIDER:title is [u'\u4e2d\u56fd\u519c\u79d1\u9662\u70df\u8349\u6240\u6240\u957f\u738b\u5143\u82f1\u4e00\u884c\u6765\u8bbf '], link is [u'infoDetail.jsp?infoID=15212']
DEBUG:MAIN-SPIDER:title is [u'\u5317\u4eac\u6797\u4e1a\u5927\u5b66\u526f\u6821\u957f\u5f20\u542f\u7fd4\u4e00\u884c\u8bbf\u95ee\u9752\u5c9b\u519c\u5927 '], link is [u'infoDetail.jsp?infoID=15211']
DEBUG:MAIN-SPIDER:title is [u'\u9752\u5c9b\u519c\u5927\u53ec\u5f00\u6559\u804c\u5de5\u533b\u7597\u5de5\u4f24\u751f\u80b2\u4fdd\u9669\u5de5\u4f5c\u4f1a\u8bae '], link is [u'infoDetail.jsp?infoID=15210']
DEBUG:MAIN-SPIDER:title is [u'\u9752\u5c9b\u519c\u5927\u627f\u62c5\u516c\u76ca\u6027\u884c\u4e1a\u79d1\u7814\u4e13\u9879\u901a\u8fc7\u4f1a\u8bae\u9a8c\u6536  '], link is [u'infoDetail.jsp?infoID=15202']
DEBUG:MAIN-SPIDER:title is [u'\u6559\u52a1\u5904\u7ec4\u7ec7\u53ec\u5f00\u5b66\u79d1\u57fa\u7840\u8bfe\u7a0b\u8ba8\u8bba\u534f\u8c03\u4f1a  '], link is [u'infoDetail.jsp?infoID=15201']
DEBUG:MAIN-SPIDER:title is [u'\u539f\u6c38\u5175\u5bf9\u5b66\u6821\u5b66\u5386\u7ee7\u7eed\u6559\u80b2\u62db\u751f\u5de5\u4f5c\u63d0\u51fa\u8981\u6c42  '], link is [u'infoDetail.jsp?infoID=15200']
DEBUG:MAIN-SPIDER:title is [u'\u7ecf\u6d4e\u4e0e\u7ba1\u7406\u5b66\u9662\u53ec\u5f00\u672c\u79d1\u4eba\u624d\u57f9\u517b\u65b9\u6848\u8bba\u8bc1\u4f1a  '], link is [u'infoDetail.jsp?infoID=15199']
DEBUG:MAIN-SPIDER:title is [u'\u9752\u5c9b\u519c\u5927\u5341\u540d\u6559\u6388\u5165\u9009\u7701\u519c\u4ea7\u54c1\u5b89\u5168\u98ce\u9669\u8bc4\u4f30\u4e13\u5bb6  '], link is [u'infoDetail.jsp?infoID=15180']
DEBUG:MAIN-SPIDER:title is [u'\u9752\u5c9b\u519c\u5927\u8fdc\u5fb7\u9f99\u540c\u5b66\u83b7\u5f97\u9752\u5e74\u521b\u4e1a\u5927\u8d5b3\u4e07\u5143\u5956\u91d1  '], link is [u'infoDetail.jsp?infoID=15179']
DEBUG:MAIN-SPIDER:title is [u'\u9752\u5c9b\u519c\u4e1a\u5927\u5b66\u2014\u2014\u5c71\u4e1c\u77012014\u5e74\u6625\u5b63\u9ad8\u6821\u6bd5\u4e1a\u751f\u5c31\u4e1a\u5e02\u573a\u9080\u8bf7\u51fd'], link is [u'infoDetail.jsp?infoID=14943']
DEBUG:MAIN-SPIDER:title is [u'\u9752\u5c9b\u519c\u4e1a\u5927\u5b66\u6d77\u90fd\u5b66\u96622014\u5e74\u516c\u5f00\u62db\u8058\u4fe1\u606f'], link is [u'infoDetail.jsp?infoID=13573']
DEBUG:MAIN-SPIDER:title is [u'\u9752\u5c9b\u519c\u4e1a\u5927\u5b66\u5b9e\u9a8c\u5ba4\u8bbe\u5907\u91c7\u8d2d\u516c\u5f00\u62db\u6807\u516c\u544a  '], link is [u'infoDetail.jsp?infoID=15115']
DEBUG:MAIN-SPIDER:title is [u'\u5b66\u4e60\u515a\u7684\u5341\u516b\u5c4a\u4e09\u4e2d\u5168\u4f1a\u7cbe\u795e\u7f51\u4e0a\u77e5\u8bc6\u95ef\u5173\u8d5b\u6d3b\u52a8\u5f00\u59cb'], link is [u'infoDetail.jsp?infoID=14961']
DEBUG:MAIN-SPIDER:title is [u'\u81f42013\u5c4a\u672c\u79d1\u6bd5\u4e1a\u751f\u7684\u4e00\u5c01\u4fe1'], link is [u'infoDetail.jsp?infoID=14810']
DEBUG:MAIN-SPIDER:title is [u'\u6559\u80b2\u7c7b\u5b66\u672f\u671f\u520a\u300a\u5c71\u4e1c\u9ad8\u7b49\u6559\u80b2\u300b\u516c\u5f00\u51fa\u7248\u53d1\u884c'], link is [u'infoDetail.jsp?infoID=14777']
DEBUG:MAIN-SPIDER:title is [u'\u9752\u5c9b\u519c\u5927\u7ee7\u7eed\u6559\u80b2\u5b66\u9662\u6559\u6750\u5370\u5237\u54c1\u9879\u76ee\u62db\u6807\u516c\u544a'], link is [u'infoDetail.jsp?infoID=14771']
DEBUG:MAIN-SPIDER:title is [u'\u9752\u5c9b\u519c\u5927\u6559\u5de5\u9910\u5385\u8f7d\u8d27\u7535\u68af\u6539\u9020\u9879\u76ee\u62db\u6807\u516c\u544a'], link is [u'infoDetail.jsp?infoID=14770']
DEBUG:MAIN-SPIDER:title is [u'\u9752\u5c9b\u519c\u4e1a\u5927\u5b66\u6dd8\u6c70\u8f66\u8f86\u53ca\u8bbe\u5907\u62cd\u5356\u516c\u544a'], link is [u'infoDetail.jsp?infoID=14765']
DEBUG:MAIN-SPIDER:title is [u'\u9752\u5c9b\u519c\u5927\u4e3e\u529e2014\u4e2d\u56fd\u6bdb\u76ae\u52a8\u7269\u4ea7\u4e1a\u53d1\u5c55\u5927\u4f1a  '], link is [u'infoDetail.jsp?infoID=15181']
DEBUG:MAIN-SPIDER:title is [u'\u6cd5\u56fd\u4e13\u5bb6\u4e3a\u52a8\u79d1\u5e08\u751f\u4f5c\u9a6c\u7e41\u6b96\u6280\u672f\u7814\u7a76\u8fdb\u5c55\u62a5\u544a  '], link is [u'infoDetail.jsp?infoID=15177']
DEBUG:MAIN-SPIDER:title is [u'\u751f\u547d\u79d1\u5b66\u5b66\u9662\u4e3e\u884c\u5b9e\u9a8c\u6280\u672f\u8bb2\u5ea7  '], link is [u'infoDetail.jsp?infoID=15185']
DEBUG:MAIN-SPIDER:title is [u'3\u670812\u65e5\uff1a\u52a8\u7269\u79d1\u6280\u5b66\u9662\u5b66\u672f\u9884\u544a  '], link is [u'infoDetail.jsp?infoID=15043']
DEBUG:MAIN-SPIDER:title is [u'\u4e2d\u56fd\u5de5\u7a0b\u9662\u9662\u58eb\u674e\u5b81\u6559\u6388\u4e3a\u9752\u5c9b\u519c\u5927\u5e08\u751f\u4f5c\u62a5\u544a  '], link is [u'infoDetail.jsp?infoID=15033']
DEBUG:MAIN-SPIDER:title is [u'3\u670811\u65e5\uff1a\u4e2d\u56fd\u5de5\u7a0b\u9662\u9662\u58eb\u674e\u5b81\u6559\u6388\u5b66\u672f\u62a5\u544a  '], link is [u'infoDetail.jsp?infoID=14992']
DEBUG:MAIN-SPIDER:title is [u'\u957f\u6c5f\u5b66\u8005\u5de9\u5fd7\u5fe0\u6559\u6388\u4e3a\u9752\u5c9b\u519c\u5927\u5e08\u751f\u4f5c\u62a5\u544a'], link is [u'infoDetail.jsp?infoID=14967']
DEBUG:MAIN-SPIDER:title is [u'\u4e2d\u56fd\u5de5\u7a0b\u9662\u9662\u58eb\u5370\u9047\u9f99\u6559\u6388\u4e3a\u9752\u5c9b\u519c\u5927\u5e08\u751f\u4f5c\u62a5\u544a'], link is [u'infoDetail.jsp?infoID=14953']
DEBUG:MAIN-SPIDER:title is [u'3\u67085\u65e5\uff1a\u52a8\u7269\u79d1\u6280\u5b66\u9662\u5b66\u672f\u9884\u544a'], link is [u'infoDetail.jsp?infoID=14954']
DEBUG:MAIN-SPIDER:title is [u'\u4e2d\u56fd\u519c\u79d1\u9662\u70df\u8349\u6240\u6240\u957f\u738b\u5143\u82f1\u4e00\u884c\u6765\u8bbf '], link is [u'infoDetail.jsp?infoID=15212']
DEBUG:MAIN-SPIDER:title is [u'\u5317\u4eac\u6797\u4e1a\u5927\u5b66\u526f\u6821\u957f\u5f20\u542f\u7fd4\u4e00\u884c\u8bbf\u95ee\u9752\u5c9b\u519c\u5927 '], link is [u'infoDetail.jsp?infoID=15211']
DEBUG:MAIN-SPIDER:title is [u'\u9752\u5c9b\u519c\u5927\u53ec\u5f00\u6559\u804c\u5de5\u533b\u7597\u5de5\u4f24\u751f\u80b2\u4fdd\u9669\u5de5\u4f5c\u4f1a\u8bae '], link is [u'infoDetail.jsp?infoID=15210']
DEBUG:MAIN-SPIDER:title is [u'\u9752\u5c9b\u519c\u5927\u627f\u62c5\u516c\u76ca\u6027\u884c\u4e1a\u79d1\u7814\u4e13\u9879\u901a\u8fc7\u4f1a\u8bae\u9a8c\u6536  '], link is [u'infoDetail.jsp?infoID=15202']
DEBUG:MAIN-SPIDER:title is [u'\u6559\u52a1\u5904\u7ec4\u7ec7\u53ec\u5f00\u5b66\u79d1\u57fa\u7840\u8bfe\u7a0b\u8ba8\u8bba\u534f\u8c03\u4f1a  '], link is [u'infoDetail.jsp?infoID=15201']
DEBUG:MAIN-SPIDER:title is [u'\u539f\u6c38\u5175\u5bf9\u5b66\u6821\u5b66\u5386\u7ee7\u7eed\u6559\u80b2\u62db\u751f\u5de5\u4f5c\u63d0\u51fa\u8981\u6c42  '], link is [u'infoDetail.jsp?infoID=15200']
DEBUG:MAIN-SPIDER:title is [u'\u7ecf\u6d4e\u4e0e\u7ba1\u7406\u5b66\u9662\u53ec\u5f00\u672c\u79d1\u4eba\u624d\u57f9\u517b\u65b9\u6848\u8bba\u8bc1\u4f1a  '], link is [u'infoDetail.jsp?infoID=15199']
DEBUG:MAIN-SPIDER:title is [u'\u9752\u5c9b\u519c\u5927\u5341\u540d\u6559\u6388\u5165\u9009\u7701\u519c\u4ea7\u54c1\u5b89\u5168\u98ce\u9669\u8bc4\u4f30\u4e13\u5bb6  '], link is [u'infoDetail.jsp?infoID=15180']
DEBUG:MAIN-SPIDER:title is [u'\u9752\u5c9b\u519c\u5927\u8fdc\u5fb7\u9f99\u540c\u5b66\u83b7\u5f97\u9752\u5e74\u521b\u4e1a\u5927\u8d5b3\u4e07\u5143\u5956\u91d1  '], link is [u'infoDetail.jsp?infoID=15179']
DEBUG:MAIN-SPIDER:title is [u'\u9752\u5c9b\u519c\u4e1a\u5927\u5b66\u2014\u2014\u5c71\u4e1c\u77012014\u5e74\u6625\u5b63\u9ad8\u6821\u6bd5\u4e1a\u751f\u5c31\u4e1a\u5e02\u573a\u9080\u8bf7\u51fd'], link is [u'infoDetail.jsp?infoID=14943']
DEBUG:MAIN-SPIDER:title is [u'\u9752\u5c9b\u519c\u4e1a\u5927\u5b66\u6d77\u90fd\u5b66\u96622014\u5e74\u516c\u5f00\u62db\u8058\u4fe1\u606f'], link is [u'infoDetail.jsp?infoID=13573']
DEBUG:MAIN-SPIDER:title is [u'\u9752\u5c9b\u519c\u4e1a\u5927\u5b66\u5b9e\u9a8c\u5ba4\u8bbe\u5907\u91c7\u8d2d\u516c\u5f00\u62db\u6807\u516c\u544a  '], link is [u'infoDetail.jsp?infoID=15115']
DEBUG:MAIN-SPIDER:title is [u'\u5b66\u4e60\u515a\u7684\u5341\u516b\u5c4a\u4e09\u4e2d\u5168\u4f1a\u7cbe\u795e\u7f51\u4e0a\u77e5\u8bc6\u95ef\u5173\u8d5b\u6d3b\u52a8\u5f00\u59cb'], link is [u'infoDetail.jsp?infoID=14961']
DEBUG:MAIN-SPIDER:title is [u'\u81f42013\u5c4a\u672c\u79d1\u6bd5\u4e1a\u751f\u7684\u4e00\u5c01\u4fe1'], link is [u'infoDetail.jsp?infoID=14810']
DEBUG:MAIN-SPIDER:title is [u'\u6559\u80b2\u7c7b\u5b66\u672f\u671f\u520a\u300a\u5c71\u4e1c\u9ad8\u7b49\u6559\u80b2\u300b\u516c\u5f00\u51fa\u7248\u53d1\u884c'], link is [u'infoDetail.jsp?infoID=14777']
DEBUG:MAIN-SPIDER:title is [u'\u9752\u5c9b\u519c\u5927\u7ee7\u7eed\u6559\u80b2\u5b66\u9662\u6559\u6750\u5370\u5237\u54c1\u9879\u76ee\u62db\u6807\u516c\u544a'], link is [u'infoDetail.jsp?infoID=14771']
DEBUG:MAIN-SPIDER:title is [u'\u9752\u5c9b\u519c\u5927\u6559\u5de5\u9910\u5385\u8f7d\u8d27\u7535\u68af\u6539\u9020\u9879\u76ee\u62db\u6807\u516c\u544a'], link is [u'infoDetail.jsp?infoID=14770']
DEBUG:MAIN-SPIDER:title is [u'\u9752\u5c9b\u519c\u4e1a\u5927\u5b66\u6dd8\u6c70\u8f66\u8f86\u53ca\u8bbe\u5907\u62cd\u5356\u516c\u544a'], link is [u'infoDetail.jsp?infoID=14765']
DEBUG:MAIN-SPIDER:title is [u'\u9752\u5c9b\u519c\u5927\u4e3e\u529e2014\u4e2d\u56fd\u6bdb\u76ae\u52a8\u7269\u4ea7\u4e1a\u53d1\u5c55\u5927\u4f1a  '], link is [u'infoDetail.jsp?infoID=15181']
DEBUG:MAIN-SPIDER:title is [u'\u6cd5\u56fd\u4e13\u5bb6\u4e3a\u52a8\u79d1\u5e08\u751f\u4f5c\u9a6c\u7e41\u6b96\u6280\u672f\u7814\u7a76\u8fdb\u5c55\u62a5\u544a  '], link is [u'infoDetail.jsp?infoID=15177']
DEBUG:MAIN-SPIDER:title is [u'\u751f\u547d\u79d1\u5b66\u5b66\u9662\u4e3e\u884c\u5b9e\u9a8c\u6280\u672f\u8bb2\u5ea7  '], link is [u'infoDetail.jsp?infoID=15185']
DEBUG:MAIN-SPIDER:title is [u'3\u670812\u65e5\uff1a\u52a8\u7269\u79d1\u6280\u5b66\u9662\u5b66\u672f\u9884\u544a  '], link is [u'infoDetail.jsp?infoID=15043']
DEBUG:MAIN-SPIDER:title is [u'\u4e2d\u56fd\u5de5\u7a0b\u9662\u9662\u58eb\u674e\u5b81\u6559\u6388\u4e3a\u9752\u5c9b\u519c\u5927\u5e08\u751f\u4f5c\u62a5\u544a  '], link is [u'infoDetail.jsp?infoID=15033']
DEBUG:MAIN-SPIDER:title is [u'3\u670811\u65e5\uff1a\u4e2d\u56fd\u5de5\u7a0b\u9662\u9662\u58eb\u674e\u5b81\u6559\u6388\u5b66\u672f\u62a5\u544a  '], link is [u'infoDetail.jsp?infoID=14992']
DEBUG:MAIN-SPIDER:title is [u'\u957f\u6c5f\u5b66\u8005\u5de9\u5fd7\u5fe0\u6559\u6388\u4e3a\u9752\u5c9b\u519c\u5927\u5e08\u751f\u4f5c\u62a5\u544a'], link is [u'infoDetail.jsp?infoID=14967']
DEBUG:MAIN-SPIDER:title is [u'\u4e2d\u56fd\u5de5\u7a0b\u9662\u9662\u58eb\u5370\u9047\u9f99\u6559\u6388\u4e3a\u9752\u5c9b\u519c\u5927\u5e08\u751f\u4f5c\u62a5\u544a'], link is [u'infoDetail.jsp?infoID=14953']
DEBUG:MAIN-SPIDER:title is [u'3\u67085\u65e5\uff1a\u52a8\u7269\u79d1\u6280\u5b66\u9662\u5b66\u672f\u9884\u544a'], link is [u'infoDetail.jsp?infoID=14954']
DEBUG:MAIN-SPIDER:title is [u'\u9ec4\u91d1\u5149\uff1a\u4eba\u751f\u56e0\u6311\u6218\u800c\u7cbe\u5f69  '], link is [u'infoDetail.jsp?infoID=15215']
DEBUG:MAIN-SPIDER:title is [u'\u4e2d\u56fd\u519c\u79d1\u9662\u70df\u8349\u6240\u6240\u957f\u738b\u5143\u82f1\u4e00\u884c\u6765\u8bbf '], link is [u'infoDetail.jsp?infoID=15212']
DEBUG:MAIN-SPIDER:title is [u'\u5317\u4eac\u6797\u4e1a\u5927\u5b66\u526f\u6821\u957f\u5f20\u542f\u7fd4\u4e00\u884c\u8bbf\u95ee\u9752\u5c9b\u519c\u5927 '], link is [u'infoDetail.jsp?infoID=15211']
DEBUG:MAIN-SPIDER:title is [u'\u9752\u5c9b\u519c\u5927\u53ec\u5f00\u6559\u804c\u5de5\u533b\u7597\u5de5\u4f24\u751f\u80b2\u4fdd\u9669\u5de5\u4f5c\u4f1a\u8bae '], link is [u'infoDetail.jsp?infoID=15210']
DEBUG:MAIN-SPIDER:title is [u'\u9752\u5c9b\u519c\u5927\u627f\u62c5\u516c\u76ca\u6027\u884c\u4e1a\u79d1\u7814\u4e13\u9879\u901a\u8fc7\u4f1a\u8bae\u9a8c\u6536  '], link is [u'infoDetail.jsp?infoID=15202']
DEBUG:MAIN-SPIDER:title is [u'\u6559\u52a1\u5904\u7ec4\u7ec7\u53ec\u5f00\u5b66\u79d1\u57fa\u7840\u8bfe\u7a0b\u8ba8\u8bba\u534f\u8c03\u4f1a  '], link is [u'infoDetail.jsp?infoID=15201']
DEBUG:MAIN-SPIDER:title is [u'\u539f\u6c38\u5175\u5bf9\u5b66\u6821\u5b66\u5386\u7ee7\u7eed\u6559\u80b2\u62db\u751f\u5de5\u4f5c\u63d0\u51fa\u8981\u6c42  '], link is [u'infoDetail.jsp?infoID=15200']
DEBUG:MAIN-SPIDER:title is [u'\u7ecf\u6d4e\u4e0e\u7ba1\u7406\u5b66\u9662\u53ec\u5f00\u672c\u79d1\u4eba\u624d\u57f9\u517b\u65b9\u6848\u8bba\u8bc1\u4f1a  '], link is [u'infoDetail.jsp?infoID=15199']
DEBUG:MAIN-SPIDER:title is [u'\u9752\u5c9b\u519c\u5927\u5341\u540d\u6559\u6388\u5165\u9009\u7701\u519c\u4ea7\u54c1\u5b89\u5168\u98ce\u9669\u8bc4\u4f30\u4e13\u5bb6  '], link is [u'infoDetail.jsp?infoID=15180']
DEBUG:MAIN-SPIDER:title is [u'\u9752\u5c9b\u519c\u4e1a\u5927\u5b66\u2014\u2014\u5c71\u4e1c\u77012014\u5e74\u6625\u5b63\u9ad8\u6821\u6bd5\u4e1a\u751f\u5c31\u4e1a\u5e02\u573a\u9080\u8bf7\u51fd'], link is [u'infoDetail.jsp?infoID=14943']
DEBUG:MAIN-SPIDER:title is [u'\u9752\u5c9b\u519c\u4e1a\u5927\u5b66\u6d77\u90fd\u5b66\u96622014\u5e74\u516c\u5f00\u62db\u8058\u4fe1\u606f'], link is [u'infoDetail.jsp?infoID=13573']
DEBUG:MAIN-SPIDER:title is [u'\u9752\u5c9b\u519c\u4e1a\u5927\u5b66\u5b9e\u9a8c\u5ba4\u8bbe\u5907\u91c7\u8d2d\u516c\u5f00\u62db\u6807\u516c\u544a  '], link is [u'infoDetail.jsp?infoID=15115']
DEBUG:MAIN-SPIDER:title is [u'\u5b66\u4e60\u515a\u7684\u5341\u516b\u5c4a\u4e09\u4e2d\u5168\u4f1a\u7cbe\u795e\u7f51\u4e0a\u77e5\u8bc6\u95ef\u5173\u8d5b\u6d3b\u52a8\u5f00\u59cb'], link is [u'infoDetail.jsp?infoID=14961']
DEBUG:MAIN-SPIDER:title is [u'\u81f42013\u5c4a\u672c\u79d1\u6bd5\u4e1a\u751f\u7684\u4e00\u5c01\u4fe1'], link is [u'infoDetail.jsp?infoID=14810']
DEBUG:MAIN-SPIDER:title is [u'\u6559\u80b2\u7c7b\u5b66\u672f\u671f\u520a\u300a\u5c71\u4e1c\u9ad8\u7b49\u6559\u80b2\u300b\u516c\u5f00\u51fa\u7248\u53d1\u884c'], link is [u'infoDetail.jsp?infoID=14777']
DEBUG:MAIN-SPIDER:title is [u'\u9752\u5c9b\u519c\u5927\u7ee7\u7eed\u6559\u80b2\u5b66\u9662\u6559\u6750\u5370\u5237\u54c1\u9879\u76ee\u62db\u6807\u516c\u544a'], link is [u'infoDetail.jsp?infoID=14771']
DEBUG:MAIN-SPIDER:title is [u'\u9752\u5c9b\u519c\u5927\u6559\u5de5\u9910\u5385\u8f7d\u8d27\u7535\u68af\u6539\u9020\u9879\u76ee\u62db\u6807\u516c\u544a'], link is [u'infoDetail.jsp?infoID=14770']
DEBUG:MAIN-SPIDER:title is [u'\u9752\u5c9b\u519c\u4e1a\u5927\u5b66\u6dd8\u6c70\u8f66\u8f86\u53ca\u8bbe\u5907\u62cd\u5356\u516c\u544a'], link is [u'infoDetail.jsp?infoID=14765']
DEBUG:MAIN-SPIDER:title is [u'\u9752\u5c9b\u519c\u5927\u4e3e\u529e2014\u4e2d\u56fd\u6bdb\u76ae\u52a8\u7269\u4ea7\u4e1a\u53d1\u5c55\u5927\u4f1a  '], link is [u'infoDetail.jsp?infoID=15181']
DEBUG:MAIN-SPIDER:title is [u'\u6cd5\u56fd\u4e13\u5bb6\u4e3a\u52a8\u79d1\u5e08\u751f\u4f5c\u9a6c\u7e41\u6b96\u6280\u672f\u7814\u7a76\u8fdb\u5c55\u62a5\u544a  '], link is [u'infoDetail.jsp?infoID=15177']
DEBUG:MAIN-SPIDER:title is [u'\u751f\u547d\u79d1\u5b66\u5b66\u9662\u4e3e\u884c\u5b9e\u9a8c\u6280\u672f\u8bb2\u5ea7  '], link is [u'infoDetail.jsp?infoID=15185']
DEBUG:MAIN-SPIDER:title is [u'3\u670812\u65e5\uff1a\u52a8\u7269\u79d1\u6280\u5b66\u9662\u5b66\u672f\u9884\u544a  '], link is [u'infoDetail.jsp?infoID=15043']
DEBUG:MAIN-SPIDER:title is [u'\u4e2d\u56fd\u5de5\u7a0b\u9662\u9662\u58eb\u674e\u5b81\u6559\u6388\u4e3a\u9752\u5c9b\u519c\u5927\u5e08\u751f\u4f5c\u62a5\u544a  '], link is [u'infoDetail.jsp?infoID=15033']
DEBUG:MAIN-SPIDER:title is [u'3\u670811\u65e5\uff1a\u4e2d\u56fd\u5de5\u7a0b\u9662\u9662\u58eb\u674e\u5b81\u6559\u6388\u5b66\u672f\u62a5\u544a  '], link is [u'infoDetail.jsp?infoID=14992']
DEBUG:MAIN-SPIDER:title is [u'\u957f\u6c5f\u5b66\u8005\u5de9\u5fd7\u5fe0\u6559\u6388\u4e3a\u9752\u5c9b\u519c\u5927\u5e08\u751f\u4f5c\u62a5\u544a'], link is [u'infoDetail.jsp?infoID=14967']
DEBUG:MAIN-SPIDER:title is [u'\u4e2d\u56fd\u5de5\u7a0b\u9662\u9662\u58eb\u5370\u9047\u9f99\u6559\u6388\u4e3a\u9752\u5c9b\u519c\u5927\u5e08\u751f\u4f5c\u62a5\u544a'], link is [u'infoDetail.jsp?infoID=14953']
DEBUG:MAIN-SPIDER:title is [u'3\u67085\u65e5\uff1a\u52a8\u7269\u79d1\u6280\u5b66\u9662\u5b66\u672f\u9884\u544a'], link is [u'infoDetail.jsp?infoID=14954']
